<?xml version="1.0" encoding="UTF-8"?>
<robot generator="Robot 3.1.1 (Python 3.6.3 on darwin)" generated="20190406 09:44:36.886" rpa="false">
<suite id="s1" name="Test1" source="/Users/nishantmakkar/PycharmProjects/Day1/robotframework/Test1.robot">
<test id="s1-t1" name="Test With Settings">
<kw name="Log" library="BuiltIn">
<doc>Logs the given message with the given level.</doc>
<arguments>
<arg>Hello, world!</arg>
</arguments>
<msg timestamp="20190406 09:44:36.961" level="INFO">Hello, world!</msg>
<status status="PASS" starttime="20190406 09:44:36.960" endtime="20190406 09:44:36.961"></status>
</kw>
<doc>Another dummy test</doc>
<tags>
<tag>dummy</tag>
<tag>owner-johndoe</tag>
</tags>
<status status="PASS" starttime="20190406 09:44:36.957" endtime="20190406 09:44:36.963" critical="yes"></status>
</test>
<status status="PASS" starttime="20190406 09:44:36.889" endtime="20190406 09:44:36.964"></status>
</suite>
<statistics>
<total>
<stat pass="1" fail="0">Critical Tests</stat>
<stat pass="1" fail="0">All Tests</stat>
</total>
<tag>
<stat pass="1" fail="0">dummy</stat>
<stat pass="1" fail="0">owner-johndoe</stat>
</tag>
<suite>
<stat pass="1" fail="0" id="s1" name="Test1">Test1</stat>
</suite>
</statistics>
<errors>
</errors>
</robot>
